

Version:	3.50
CmdLine:	C:\Users\marwa\Documents\uOttawa\Fall_22\GNG2101\mouseController\out\artifacts\mouseController_jar2\EyeGazeController.exe --l4j-debug
JNI:		No
WOW64:		Yes
Working dir:	C:\Users\marwa\Documents\uOttawa\Fall_22\GNG2101\mouseController\out\artifacts\mouseController_jar2\.
Requires JDK:	No
Requires 64-Bit: No
Java min ver:	1.009.000_004
Java max ver:	
Substitute:	JAVA_HOME = C:\Program Files\Java\jdk-17.0.5
Substitute:	PATH = C:\ProgramData\Oracle\Java\javapath;C:\Program Files\Common Files\Oracle\Java\javapath;C:\Program Files (x86)\Common Files\Oracle\Java\javapath;C:\Windows\system32;C:\Windows;C:\Windows\System32\Wbem;C:\Windows\System32\WindowsPowerShell\v1.0\;C:\Windows\System32\OpenSSH\;C:\Program Files\Microsoft SQL Server\130\Tools\Binn\;C:\Program Files\Microsoft SQL Server\Client SDK\ODBC\170\Tools\Binn\;C:\Program Files\dotnet\;C:\Program Files\nodejs\;C:\Program Files\CMake\bin;C:\Users\marwa\Microchip\xc32\bin;C:\Program Files (x86)\Windows Kits\10\Windows Performance Toolkit\;C:\Program Files\Git\cmd;C:\Users\marwa\AppData\Local\pnpm\;C:\Program Files\apache-maven-3.8.6-bin\apache-maven-3.8.6\bin;%PNPM_HOME%;C:\Program Files\Java\jdk-17.0.5\bin;C:\altera\13.0sp1\modelsim_ase\win32aloem;C:\Users\marwa\AppData\Local\Programs\Microsoft VS Code\bin;C:\Program Files\JetBrains\IntelliJ IDEA Community Edition 2021.3.2\bin;C:\Users\marwa\AppData\Roaming\npm;C:\msys64\mingw64\bin;C:\Users\marwa\Documents\ninja-win;C:\Users\marwa\Microchip\xc32\bin;C:\Users\marwa\.dotnet\tools;C:\Users\marwa\AppData\Local\pnpm\;C:\Users\marwa\AppData\Local\Programs\Python\Python27\;C:\Users\marwa\AppData\Local\Programs\Python\Python27\Tools\Scripts;C:\Users\marwa\AppData\Local\Programs\Python\Python311;C:\Users\marwa\AppData\Local\Programs\Python\Python311\scripts;;C:\Program Files\Java\jdk-17.0.5\bin
JRE paths:	C:\Program Files\Java\jdk-17.0.5;C:\ProgramData\Oracle\Java\javapath;C:\Program Files\Common Files\Oracle\Java\javapath;C:\Program Files (x86)\Common Files\Oracle\Java\javapath;C:\Windows\system32;C:\Windows;C:\Windows\System32\Wbem;C:\Windows\System32\WindowsPowerShell\v1.0\;C:\Windows\System32\OpenSSH\;C:\Program Files\Microsoft SQL Server\130\Tools\Binn\;C:\Program Files\Microsoft SQL Server\Client SDK\ODBC\170\Tools\Binn\;C:\Program Files\dotnet\;C:\Program Files\nodejs\;C:\Program Files\CMake\bin;C:\Users\marwa\Microchip\xc32\bin;C:\Program Files (x86)\Windows Kits\10\Windows Performance Toolkit\;C:\Program Files\Git\cmd;C:\Users\marwa\AppData\Local\pnpm\;C:\Program Files\apache-maven-3.8.6-bin\apache-maven-3.8.6\bin;%PNPM_HOME%;C:\Program Files\Java\jdk-17.0.5\bin;C:\altera\13.0sp1\modelsim_ase\win32aloem;C:\Users\marwa\AppData\Local\Programs\Microsoft VS Code\bin;C:\Program Files\JetBrains\IntelliJ IDEA Community Edition 2021.3.2\bin;C:\Users\marwa\AppData\Roaming\npm;C:\msys64\mingw64\bin;C:\Users\marwa\Documents\ninja-win;C:\Users\marwa\Microchip\xc32\bin;C:\Users\marwa\.dotnet\tools;C:\Users\marwa\AppData\Local\pnpm\;C:\Users\marwa\AppData\Local\Programs\Python\Python27\;C:\Users\marwa\AppData\Local\Programs\Python\Python27\Tools\Scripts;C:\Users\marwa\AppData\Local\Programs\Python\Python311;C:\Users\marwa\AppData\Local\Programs\Python\Python311\scripts;;C:\Program Files\Java\jdk-17.0.5\bin
Check launcher:	C:\Program Files\Java\jdk-17.0.5\bin\javaw.exe (OK)
Version string: 1.017.000_005 / 64-Bit (OK)
Launcher:	C:\Program Files\Java\jdk-17.0.5\bin\javaw.exe
Launcher args:	-jar "C:\Users\marwa\Documents\uOttawa\Fall_22\GNG2101\mouseController\out\artifacts\mouseController_jar2\EyeGazeController.exe"
Args length:	128/32768 chars
Exit code:	0


Version:	3.50
CmdLine:	C:\Users\marwa\Documents\uOttawa\Fall_22\GNG2101\mouseController\out\artifacts\mouseController_jar2\EyeGazeController.exe --l4j-debug
JNI:		No
WOW64:		Yes
Working dir:	C:\Users\marwa\Documents\uOttawa\Fall_22\GNG2101\mouseController\out\artifacts\mouseController_jar2\.
Requires JDK:	No
Requires 64-Bit: No
Java min ver:	1.009.000_004
Java max ver:	
Substitute:	JAVA_HOME = C:\Program Files\Java\jdk-17.0.5
Substitute:	PATH = C:\ProgramData\Oracle\Java\javapath;C:\Program Files\Common Files\Oracle\Java\javapath;C:\Program Files (x86)\Common Files\Oracle\Java\javapath;C:\Windows\system32;C:\Windows;C:\Windows\System32\Wbem;C:\Windows\System32\WindowsPowerShell\v1.0\;C:\Windows\System32\OpenSSH\;C:\Program Files\Microsoft SQL Server\130\Tools\Binn\;C:\Program Files\Microsoft SQL Server\Client SDK\ODBC\170\Tools\Binn\;C:\Program Files\dotnet\;C:\Program Files\nodejs\;C:\Program Files\CMake\bin;C:\Users\marwa\Microchip\xc32\bin;C:\Program Files (x86)\Windows Kits\10\Windows Performance Toolkit\;C:\Program Files\Git\cmd;C:\Users\marwa\AppData\Local\pnpm\;C:\Program Files\apache-maven-3.8.6-bin\apache-maven-3.8.6\bin;%PNPM_HOME%;C:\Program Files\Java\jdk-17.0.5\bin;C:\altera\13.0sp1\modelsim_ase\win32aloem;C:\Users\marwa\AppData\Local\Programs\Microsoft VS Code\bin;C:\Program Files\JetBrains\IntelliJ IDEA Community Edition 2021.3.2\bin;C:\Users\marwa\AppData\Roaming\npm;C:\msys64\mingw64\bin;C:\Users\marwa\Documents\ninja-win;C:\Users\marwa\Microchip\xc32\bin;C:\Users\marwa\.dotnet\tools;C:\Users\marwa\AppData\Local\pnpm\;C:\Users\marwa\AppData\Local\Programs\Python\Python27\;C:\Users\marwa\AppData\Local\Programs\Python\Python27\Tools\Scripts;C:\Users\marwa\AppData\Local\Programs\Python\Python311;C:\Users\marwa\AppData\Local\Programs\Python\Python311\scripts;;C:\Program Files\Java\jdk-17.0.5\bin
JRE paths:	C:\Program Files\Java\jdk-17.0.5;C:\ProgramData\Oracle\Java\javapath;C:\Program Files\Common Files\Oracle\Java\javapath;C:\Program Files (x86)\Common Files\Oracle\Java\javapath;C:\Windows\system32;C:\Windows;C:\Windows\System32\Wbem;C:\Windows\System32\WindowsPowerShell\v1.0\;C:\Windows\System32\OpenSSH\;C:\Program Files\Microsoft SQL Server\130\Tools\Binn\;C:\Program Files\Microsoft SQL Server\Client SDK\ODBC\170\Tools\Binn\;C:\Program Files\dotnet\;C:\Program Files\nodejs\;C:\Program Files\CMake\bin;C:\Users\marwa\Microchip\xc32\bin;C:\Program Files (x86)\Windows Kits\10\Windows Performance Toolkit\;C:\Program Files\Git\cmd;C:\Users\marwa\AppData\Local\pnpm\;C:\Program Files\apache-maven-3.8.6-bin\apache-maven-3.8.6\bin;%PNPM_HOME%;C:\Program Files\Java\jdk-17.0.5\bin;C:\altera\13.0sp1\modelsim_ase\win32aloem;C:\Users\marwa\AppData\Local\Programs\Microsoft VS Code\bin;C:\Program Files\JetBrains\IntelliJ IDEA Community Edition 2021.3.2\bin;C:\Users\marwa\AppData\Roaming\npm;C:\msys64\mingw64\bin;C:\Users\marwa\Documents\ninja-win;C:\Users\marwa\Microchip\xc32\bin;C:\Users\marwa\.dotnet\tools;C:\Users\marwa\AppData\Local\pnpm\;C:\Users\marwa\AppData\Local\Programs\Python\Python27\;C:\Users\marwa\AppData\Local\Programs\Python\Python27\Tools\Scripts;C:\Users\marwa\AppData\Local\Programs\Python\Python311;C:\Users\marwa\AppData\Local\Programs\Python\Python311\scripts;;C:\Program Files\Java\jdk-17.0.5\bin
Check launcher:	C:\Program Files\Java\jdk-17.0.5\bin\javaw.exe (OK)
Version string: 1.017.000_005 / 64-Bit (OK)
Launcher:	C:\Program Files\Java\jdk-17.0.5\bin\javaw.exe
Launcher args:	-jar "C:\Users\marwa\Documents\uOttawa\Fall_22\GNG2101\mouseController\out\artifacts\mouseController_jar2\EyeGazeController.exe"
Args length:	128/32768 chars
Exit code:	0


Version:	3.50
CmdLine:	C:\Users\marwa\Documents\uOttawa\Fall_22\GNG2101\mouseController\out\artifacts\mouseController_jar2\EyeGazeController.exe --l4j-debug
JNI:		No
WOW64:		Yes
Working dir:	C:\Users\marwa\Documents\uOttawa\Fall_22\GNG2101\mouseController\out\artifacts\mouseController_jar2\.
Requires JDK:	No
Requires 64-Bit: No
Java min ver:	1.009.000_004
Java max ver:	
Substitute:	JAVA_HOME = C:\Program Files\Java\jdk-17.0.5
Substitute:	PATH = C:\ProgramData\Oracle\Java\javapath;C:\Program Files\Common Files\Oracle\Java\javapath;C:\Program Files (x86)\Common Files\Oracle\Java\javapath;C:\Windows\system32;C:\Windows;C:\Windows\System32\Wbem;C:\Windows\System32\WindowsPowerShell\v1.0\;C:\Windows\System32\OpenSSH\;C:\Program Files\Microsoft SQL Server\130\Tools\Binn\;C:\Program Files\Microsoft SQL Server\Client SDK\ODBC\170\Tools\Binn\;C:\Program Files\dotnet\;C:\Program Files\nodejs\;C:\Program Files\CMake\bin;C:\Users\marwa\Microchip\xc32\bin;C:\Program Files (x86)\Windows Kits\10\Windows Performance Toolkit\;C:\Program Files\Git\cmd;C:\Users\marwa\AppData\Local\pnpm\;C:\Program Files\apache-maven-3.8.6-bin\apache-maven-3.8.6\bin;%PNPM_HOME%;C:\Program Files\Java\jdk-17.0.5\bin;C:\altera\13.0sp1\modelsim_ase\win32aloem;C:\Users\marwa\AppData\Local\Programs\Microsoft VS Code\bin;C:\Program Files\JetBrains\IntelliJ IDEA Community Edition 2021.3.2\bin;C:\Users\marwa\AppData\Roaming\npm;C:\msys64\mingw64\bin;C:\Users\marwa\Documents\ninja-win;C:\Users\marwa\Microchip\xc32\bin;C:\Users\marwa\.dotnet\tools;C:\Users\marwa\AppData\Local\pnpm\;C:\Users\marwa\AppData\Local\Programs\Python\Python27\;C:\Users\marwa\AppData\Local\Programs\Python\Python27\Tools\Scripts;C:\Users\marwa\AppData\Local\Programs\Python\Python311;C:\Users\marwa\AppData\Local\Programs\Python\Python311\scripts;;C:\Program Files\Java\jdk-17.0.5\bin
JRE paths:	C:\Program Files\Java\jdk-17.0.5;C:\ProgramData\Oracle\Java\javapath;C:\Program Files\Common Files\Oracle\Java\javapath;C:\Program Files (x86)\Common Files\Oracle\Java\javapath;C:\Windows\system32;C:\Windows;C:\Windows\System32\Wbem;C:\Windows\System32\WindowsPowerShell\v1.0\;C:\Windows\System32\OpenSSH\;C:\Program Files\Microsoft SQL Server\130\Tools\Binn\;C:\Program Files\Microsoft SQL Server\Client SDK\ODBC\170\Tools\Binn\;C:\Program Files\dotnet\;C:\Program Files\nodejs\;C:\Program Files\CMake\bin;C:\Users\marwa\Microchip\xc32\bin;C:\Program Files (x86)\Windows Kits\10\Windows Performance Toolkit\;C:\Program Files\Git\cmd;C:\Users\marwa\AppData\Local\pnpm\;C:\Program Files\apache-maven-3.8.6-bin\apache-maven-3.8.6\bin;%PNPM_HOME%;C:\Program Files\Java\jdk-17.0.5\bin;C:\altera\13.0sp1\modelsim_ase\win32aloem;C:\Users\marwa\AppData\Local\Programs\Microsoft VS Code\bin;C:\Program Files\JetBrains\IntelliJ IDEA Community Edition 2021.3.2\bin;C:\Users\marwa\AppData\Roaming\npm;C:\msys64\mingw64\bin;C:\Users\marwa\Documents\ninja-win;C:\Users\marwa\Microchip\xc32\bin;C:\Users\marwa\.dotnet\tools;C:\Users\marwa\AppData\Local\pnpm\;C:\Users\marwa\AppData\Local\Programs\Python\Python27\;C:\Users\marwa\AppData\Local\Programs\Python\Python27\Tools\Scripts;C:\Users\marwa\AppData\Local\Programs\Python\Python311;C:\Users\marwa\AppData\Local\Programs\Python\Python311\scripts;;C:\Program Files\Java\jdk-17.0.5\bin
Check launcher:	C:\Program Files\Java\jdk-17.0.5\bin\javaw.exe (OK)
Version string: 1.017.000_005 / 64-Bit (OK)
Launcher:	C:\Program Files\Java\jdk-17.0.5\bin\javaw.exe
Launcher args:	-jar "C:\Users\marwa\Documents\uOttawa\Fall_22\GNG2101\mouseController\out\artifacts\mouseController_jar2\EyeGazeController.exe"
Args length:	128/32768 chars
Exit code:	0


Version:	3.50
CmdLine:	C:\Users\marwa\Documents\uOttawa\Fall_22\GNG2101\mouseController\out\artifacts\mouseController_jar2\EyeGazeController.exe --l4j-debug
JNI:		No
WOW64:		Yes
Working dir:	C:\Users\marwa\Documents\uOttawa\Fall_22\GNG2101\mouseController\out\artifacts\mouseController_jar2\.
Requires JDK:	No
Requires 64-Bit: No
Java min ver:	1.009.000_004
Java max ver:	
Substitute:	JAVA_HOME = C:\Program Files\Java\jdk-17.0.5
Substitute:	PATH = C:\ProgramData\Oracle\Java\javapath;C:\Program Files\Common Files\Oracle\Java\javapath;C:\Program Files (x86)\Common Files\Oracle\Java\javapath;C:\Windows\system32;C:\Windows;C:\Windows\System32\Wbem;C:\Windows\System32\WindowsPowerShell\v1.0\;C:\Windows\System32\OpenSSH\;C:\Program Files\Microsoft SQL Server\130\Tools\Binn\;C:\Program Files\Microsoft SQL Server\Client SDK\ODBC\170\Tools\Binn\;C:\Program Files\dotnet\;C:\Program Files\nodejs\;C:\Program Files\CMake\bin;C:\Users\marwa\Microchip\xc32\bin;C:\Program Files (x86)\Windows Kits\10\Windows Performance Toolkit\;C:\Program Files\Git\cmd;C:\Users\marwa\AppData\Local\pnpm\;C:\Program Files\apache-maven-3.8.6-bin\apache-maven-3.8.6\bin;%PNPM_HOME%;C:\Program Files\Java\jdk-17.0.5\bin;C:\altera\13.0sp1\modelsim_ase\win32aloem;C:\Users\marwa\AppData\Local\Programs\Microsoft VS Code\bin;C:\Program Files\JetBrains\IntelliJ IDEA Community Edition 2021.3.2\bin;C:\Users\marwa\AppData\Roaming\npm;C:\msys64\mingw64\bin;C:\Users\marwa\Documents\ninja-win;C:\Users\marwa\Microchip\xc32\bin;C:\Users\marwa\.dotnet\tools;C:\Users\marwa\AppData\Local\pnpm\;C:\Users\marwa\AppData\Local\Programs\Python\Python27\;C:\Users\marwa\AppData\Local\Programs\Python\Python27\Tools\Scripts;C:\Users\marwa\AppData\Local\Programs\Python\Python311;C:\Users\marwa\AppData\Local\Programs\Python\Python311\scripts;;C:\Program Files\Java\jdk-17.0.5\bin
JRE paths:	C:\Program Files\Java\jdk-17.0.5;C:\ProgramData\Oracle\Java\javapath;C:\Program Files\Common Files\Oracle\Java\javapath;C:\Program Files (x86)\Common Files\Oracle\Java\javapath;C:\Windows\system32;C:\Windows;C:\Windows\System32\Wbem;C:\Windows\System32\WindowsPowerShell\v1.0\;C:\Windows\System32\OpenSSH\;C:\Program Files\Microsoft SQL Server\130\Tools\Binn\;C:\Program Files\Microsoft SQL Server\Client SDK\ODBC\170\Tools\Binn\;C:\Program Files\dotnet\;C:\Program Files\nodejs\;C:\Program Files\CMake\bin;C:\Users\marwa\Microchip\xc32\bin;C:\Program Files (x86)\Windows Kits\10\Windows Performance Toolkit\;C:\Program Files\Git\cmd;C:\Users\marwa\AppData\Local\pnpm\;C:\Program Files\apache-maven-3.8.6-bin\apache-maven-3.8.6\bin;%PNPM_HOME%;C:\Program Files\Java\jdk-17.0.5\bin;C:\altera\13.0sp1\modelsim_ase\win32aloem;C:\Users\marwa\AppData\Local\Programs\Microsoft VS Code\bin;C:\Program Files\JetBrains\IntelliJ IDEA Community Edition 2021.3.2\bin;C:\Users\marwa\AppData\Roaming\npm;C:\msys64\mingw64\bin;C:\Users\marwa\Documents\ninja-win;C:\Users\marwa\Microchip\xc32\bin;C:\Users\marwa\.dotnet\tools;C:\Users\marwa\AppData\Local\pnpm\;C:\Users\marwa\AppData\Local\Programs\Python\Python27\;C:\Users\marwa\AppData\Local\Programs\Python\Python27\Tools\Scripts;C:\Users\marwa\AppData\Local\Programs\Python\Python311;C:\Users\marwa\AppData\Local\Programs\Python\Python311\scripts;;C:\Program Files\Java\jdk-17.0.5\bin
Check launcher:	C:\Program Files\Java\jdk-17.0.5\bin\javaw.exe (OK)
Version string: 1.017.000_005 / 64-Bit (OK)
Launcher:	C:\Program Files\Java\jdk-17.0.5\bin\javaw.exe
Launcher args:	-jar "C:\Users\marwa\Documents\uOttawa\Fall_22\GNG2101\mouseController\out\artifacts\mouseController_jar2\EyeGazeController.exe"
Args length:	128/32768 chars
Exit code:	0


Version:	3.50
CmdLine:	C:\Users\marwa\Documents\uOttawa\Fall_22\GNG2101\mouseController\out\artifacts\mouseController_jar2\EyeGazeController.exe --l4j-debug
JNI:		No
WOW64:		Yes
Working dir:	C:\Users\marwa\Documents\uOttawa\Fall_22\GNG2101\mouseController\out\artifacts\mouseController_jar2\.
Requires JDK:	No
Requires 64-Bit: Yes
Java min ver:	1.017.000_005
Java max ver:	
Substitute:	JAVA_HOME = C:\Program Files\Java\jdk-17.0.5
Substitute:	PATH = C:\Program Files\Common Files\Oracle\Java\javapath;C:\Program Files (x86)\Common Files\Oracle\Java\javapath;C:\Windows\system32;C:\Windows;C:\Windows\System32\Wbem;C:\Windows\System32\WindowsPowerShell\v1.0\;C:\Windows\System32\OpenSSH\;C:\Program Files\Microsoft SQL Server\130\Tools\Binn\;C:\Program Files\Microsoft SQL Server\Client SDK\ODBC\170\Tools\Binn\;C:\Program Files\dotnet\;C:\Program Files\nodejs\;C:\Program Files\CMake\bin;C:\Users\marwa\Microchip\xc32\bin;C:\Program Files (x86)\Windows Kits\10\Windows Performance Toolkit\;C:\Program Files\Git\cmd;C:\Users\marwa\AppData\Local\pnpm\;C:\Program Files\apache-maven-3.8.6-bin\apache-maven-3.8.6\bin;%PNPM_HOME%;C:\Program Files\Java\jdk-17.0.5\bin;C:\altera\13.0sp1\modelsim_ase\win32aloem;C:\Users\marwa\AppData\Local\Programs\Microsoft VS Code\bin;C:\Program Files\JetBrains\IntelliJ IDEA Community Edition 2021.3.2\bin;C:\Users\marwa\AppData\Roaming\npm;C:\msys64\mingw64\bin;C:\Users\marwa\Documents\ninja-win;C:\Users\marwa\Microchip\xc32\bin;C:\Users\marwa\.dotnet\tools;C:\Users\marwa\AppData\Local\pnpm\;C:\Users\marwa\AppData\Local\Programs\Python\Python311;C:\Users\marwa\AppData\Local\Programs\Python\Python311\scripts;;C:\Program Files\Java\jdk-17.0.5\bin
JRE paths:	C:\Program Files\Java\jdk-17.0.5;C:\Program Files\Common Files\Oracle\Java\javapath;C:\Program Files (x86)\Common Files\Oracle\Java\javapath;C:\Windows\system32;C:\Windows;C:\Windows\System32\Wbem;C:\Windows\System32\WindowsPowerShell\v1.0\;C:\Windows\System32\OpenSSH\;C:\Program Files\Microsoft SQL Server\130\Tools\Binn\;C:\Program Files\Microsoft SQL Server\Client SDK\ODBC\170\Tools\Binn\;C:\Program Files\dotnet\;C:\Program Files\nodejs\;C:\Program Files\CMake\bin;C:\Users\marwa\Microchip\xc32\bin;C:\Program Files (x86)\Windows Kits\10\Windows Performance Toolkit\;C:\Program Files\Git\cmd;C:\Users\marwa\AppData\Local\pnpm\;C:\Program Files\apache-maven-3.8.6-bin\apache-maven-3.8.6\bin;%PNPM_HOME%;C:\Program Files\Java\jdk-17.0.5\bin;C:\altera\13.0sp1\modelsim_ase\win32aloem;C:\Users\marwa\AppData\Local\Programs\Microsoft VS Code\bin;C:\Program Files\JetBrains\IntelliJ IDEA Community Edition 2021.3.2\bin;C:\Users\marwa\AppData\Roaming\npm;C:\msys64\mingw64\bin;C:\Users\marwa\Documents\ninja-win;C:\Users\marwa\Microchip\xc32\bin;C:\Users\marwa\.dotnet\tools;C:\Users\marwa\AppData\Local\pnpm\;C:\Users\marwa\AppData\Local\Programs\Python\Python311;C:\Users\marwa\AppData\Local\Programs\Python\Python311\scripts;;C:\Program Files\Java\jdk-17.0.5\bin
Check launcher:	C:\Program Files\Java\jdk-17.0.5\bin\javaw.exe (OK)
Version string: 1.017.000_005 / 64-Bit (OK)
Launcher:	C:\Program Files\Java\jdk-17.0.5\bin\javaw.exe
Launcher args:	-jar "C:\Users\marwa\Documents\uOttawa\Fall_22\GNG2101\mouseController\out\artifacts\mouseController_jar2\EyeGazeController.exe"
Args length:	128/32768 chars
Exit code:	0
